<?xml version="1.0" encoding="UTF-8"?>
<!-- Generated by org.testng.reporters.JUnitReportReporter -->
<testsuite hostname="sumit-ThinkPad-T410" name="com.looksmart.testsuits.LoginTestSuite" tests="3" failures="0" timestamp="24 Nov 2014 07:15:41 GMT" time="75.191" errors="0">
  <testcase name="clickAdGroup" time="0.385" classname="com.looksmart.testsuits.LoginTestSuite"/>
  <testcase name="loginTest" time="26.541" classname="com.looksmart.testsuits.LoginTestSuite"/>
  <testcase name="createAdGroup" time="48.265" classname="com.looksmart.testsuits.LoginTestSuite"/>
</testsuite>
